renamed '../server/X3/tmp/factorioScenarioDownload/0.17/JoinAndPlayCoop-Scenario-Bunker-0.17-Alpha/blockworld.lua' -> '../server/X3/scenarios/JoinAndPlayCoop-Scenario/blockworld.lua'
renamed '../server/X3/tmp/factorioScenarioDownload/0.17/JoinAndPlayCoop-Scenario-Bunker-0.17-Alpha/bps.lua' -> '../server/X3/scenarios/JoinAndPlayCoop-Scenario/bps.lua'
renamed '../server/X3/tmp/factorioScenarioDownload/0.17/JoinAndPlayCoop-Scenario-Bunker-0.17-Alpha/BunkerSpawns.lua' -> '../server/X3/scenarios/JoinAndPlayCoop-Scenario/BunkerSpawns.lua'
renamed '../server/X3/tmp/factorioScenarioDownload/0.17/JoinAndPlayCoop-Scenario-Bunker-0.17-Alpha/config.lua' -> '../server/X3/scenarios/JoinAndPlayCoop-Scenario/config.lua'
renamed '../server/X3/tmp/factorioScenarioDownload/0.17/JoinAndPlayCoop-Scenario-Bunker-0.17-Alpha/control.lua' -> '../server/X3/scenarios/JoinAndPlayCoop-Scenario/control.lua'
renamed '../server/X3/tmp/factorioScenarioDownload/0.17/JoinAndPlayCoop-Scenario-Bunker-0.17-Alpha/FermatSpiralSpawns.lua' -> '../server/X3/scenarios/JoinAndPlayCoop-Scenario/FermatSpiralSpawns.lua'
renamed '../server/X3/tmp/factorioScenarioDownload/0.17/JoinAndPlayCoop-Scenario-Bunker-0.17-Alpha/frontier_silo.lua' -> '../server/X3/scenarios/JoinAndPlayCoop-Scenario/frontier_silo.lua'
renamed '../server/X3/tmp/factorioScenarioDownload/0.17/JoinAndPlayCoop-Scenario-Bunker-0.17-Alpha/info.json' -> '../server/X3/scenarios/JoinAndPlayCoop-Scenario/info.json'
renamed '../server/X3/tmp/factorioScenarioDownload/0.17/JoinAndPlayCoop-Scenario-Bunker-0.17-Alpha/jvm-chunkheap.lua' -> '../server/X3/scenarios/JoinAndPlayCoop-Scenario/jvm-chunkheap.lua'
renamed '../server/X3/tmp/factorioScenarioDownload/0.17/JoinAndPlayCoop-Scenario-Bunker-0.17-Alpha/jvmguy_utils.lua' -> '../server/X3/scenarios/JoinAndPlayCoop-Scenario/jvmguy_utils.lua'
renamed '../server/X3/tmp/factorioScenarioDownload/0.17/JoinAndPlayCoop-Scenario-Bunker-0.17-Alpha/jvm_reclaim.lua' -> '../server/X3/scenarios/JoinAndPlayCoop-Scenario/jvm_reclaim.lua'
renamed '../server/X3/tmp/factorioScenarioDownload/0.17/JoinAndPlayCoop-Scenario-Bunker-0.17-Alpha/LICENSE' -> '../server/X3/scenarios/JoinAndPlayCoop-Scenario/LICENSE'
renamed '../server/X3/tmp/factorioScenarioDownload/0.17/JoinAndPlayCoop-Scenario-Bunker-0.17-Alpha/locale' -> '../server/X3/scenarios/JoinAndPlayCoop-Scenario/locale'
renamed '../server/X3/tmp/factorioScenarioDownload/0.17/JoinAndPlayCoop-Scenario-Bunker-0.17-Alpha/oarc_utils.lua' -> '../server/X3/scenarios/JoinAndPlayCoop-Scenario/oarc_utils.lua'
renamed '../server/X3/tmp/factorioScenarioDownload/0.17/JoinAndPlayCoop-Scenario-Bunker-0.17-Alpha/README.md' -> '../server/X3/scenarios/JoinAndPlayCoop-Scenario/README.md'
renamed '../server/X3/tmp/factorioScenarioDownload/0.17/JoinAndPlayCoop-Scenario-Bunker-0.17-Alpha/RiverworldSpawns.lua' -> '../server/X3/scenarios/JoinAndPlayCoop-Scenario/RiverworldSpawns.lua'
renamed '../server/X3/tmp/factorioScenarioDownload/0.17/JoinAndPlayCoop-Scenario-Bunker-0.17-Alpha/rso_config.lua' -> '../server/X3/scenarios/JoinAndPlayCoop-Scenario/rso_config.lua'
renamed '../server/X3/tmp/factorioScenarioDownload/0.17/JoinAndPlayCoop-Scenario-Bunker-0.17-Alpha/rso_control.lua' -> '../server/X3/scenarios/JoinAndPlayCoop-Scenario/rso_control.lua'
renamed '../server/X3/tmp/factorioScenarioDownload/0.17/JoinAndPlayCoop-Scenario-Bunker-0.17-Alpha/rso_resource_config.lua' -> '../server/X3/scenarios/JoinAndPlayCoop-Scenario/rso_resource_config.lua'
renamed '../server/X3/tmp/factorioScenarioDownload/0.17/JoinAndPlayCoop-Scenario-Bunker-0.17-Alpha/separate_spawns_guis.lua' -> '../server/X3/scenarios/JoinAndPlayCoop-Scenario/separate_spawns_guis.lua'
renamed '../server/X3/tmp/factorioScenarioDownload/0.17/JoinAndPlayCoop-Scenario-Bunker-0.17-Alpha/separate_spawns.lua' -> '../server/X3/scenarios/JoinAndPlayCoop-Scenario/separate_spawns.lua'
renamed '../server/X3/tmp/factorioScenarioDownload/0.17/JoinAndPlayCoop-Scenario-Bunker-0.17-Alpha/shared_spawns.lua' -> '../server/X3/scenarios/JoinAndPlayCoop-Scenario/shared_spawns.lua'
renamed '../server/X3/tmp/factorioScenarioDownload/0.17/JoinAndPlayCoop-Scenario-Bunker-0.17-Alpha/ToxicJungle.lua' -> '../server/X3/scenarios/JoinAndPlayCoop-Scenario/ToxicJungle.lua'
Scenario copied
Removed temp files
Finished
