Reset starting sending message to players and waiting 15 seconds
If you have errors here it's because the server is probably stoped
Checking if factorio is still running : 1Checking if factorio is still running : 2Checking if factorio is still running : 3Checking if factorio is still running : 4
Stoped
Moved the save
Stoped and changed the env to create the save
Starting to create new map
Game was started
Stoping map gen
If you have errors here it's because the server is probably stoped
Checking if factorio is still running : 5Checking if factorio is still running : 6Checking if factorio is still running : 7
Stoped
saves/JoinAndPlayCoop-Scenario.zip saves/japc.zip
Game was started
We arent sure about the data we got via rcon we will recheck it to be sure
Retrying 0/6
Retrying 1/6
Retrying 2/6
Retrying 3/6
Retrying 4/6
Retrying 5/6
Sorry one more test has to be done to check the data this operation can take 5 seconds more
The data seems okay
Finished
