Reset starting sending message to players and waiting 15 seconds
The Map on X3 will be reseted currently the players sent 0 rockets accross all forces
If you have errors here it's because the server is probably stoped
Checking if factorio is still running : 1Checking if factorio is still running : 2Checking if factorio is still running : 3
Stoped
Moved the save
Stoped and changed the env to create the save
Starting to create new map
Game was started
Stoping map gen
If you have errors here it's because the server is probably stoped
Checking if factorio is still running : 4Checking if factorio is still running : 5
Stoped
mv: cannot stat 'saves/JoinAndPlayCoop-Scenario.zip': No such file or directory
saves/JoinAndPlayCoop-Scenario.zip saves/japc.zip
Game was started
There was an error using rcon trying again.....
> Connection failed.
Error 111: Connection refused <
Connection failed.
Error 111: Connection refused
There was an error using rcon trying again.....
> Connection failed.
Error 111: Connection refused <
Connection failed.
Error 111: Connection refused
There was an error using rcon trying again.....
> Connection failed.
Error 111: Connection refused <
Connection failed.
Error 111: Connection refused
There was an error using rcon trying again.....
> Connection failed.
Error 111: Connection refused <
Connection failed.
Error 111: Connection refused
There was an error using rcon trying again.....
> Connection failed.
Error 111: Connection refused <
Connection failed.
Error 111: Connection refused
There was an error using rcon trying again.....
> Connection failed.
Error 111: Connection refused <
Connection failed.
Error 111: Connection refused
There was an error using rcon trying again.....
> Connection failed.
Error 111: Connection refused <
Connection failed.
Error 111: Connection refused
There was an error using rcon trying again.....
> Connection failed.
Error 111: Connection refused <
Connection failed.
Error 111: Connection refused
There was an error using rcon trying again.....
> Connection failed.
Error 111: Connection refused <
Connection failed.
Error 111: Connection refused
There was an error using rcon trying again.....
> Connection failed.
Error 111: Connection refused <
Connection failed.
Error 111: Connection refused
There was an error using rcon trying again.....
> Connection failed.
Error 111: Connection refused <
Connection failed.
Error 111: Connection refused
The map has been reseted on X3 you can find the map at https://saves.joinandplaycoop.com/Home/X3/Reset%20Saves/2020-01-03-23:43.zip
Finished
