grep: ../server/ServerManager/.env: No such file or directory
grep: ../server/factorio-current.log: No such file or directory
grep: ../server/ServerManager/.env: No such file or directory
The grep errors where checks
Copying the template files
mkdir: cannot create directory ‘../../saves/X1’: File exists
ln: LastestSaves: hard link not allowed for directory
ln: OldSaves: hard link not allowed for directory
ln: ResetSaves: hard link not allowed for directory
Downloading factorio
--2019-12-12 17:04:37--  https://www.factorio.com/get-download/latest/headless/linux64
Resolving www.factorio.com (www.factorio.com)... 52.203.61.249, 35.168.165.30, 52.207.93.234, ...
Connecting to www.factorio.com (www.factorio.com)|52.203.61.249|:443... connected.
HTTP request sent, awaiting response... 302 FOUND
Location: https://dcdn.factorio.com/releases/factorio_headless_x64_0.17.79.tar.xz?key=ZzfDlvF44ifhtCn1TgAYgw&expires=1576167278 [following]
--2019-12-12 17:04:38--  https://dcdn.factorio.com/releases/factorio_headless_x64_0.17.79.tar.xz?key=ZzfDlvF44ifhtCn1TgAYgw&expires=1576167278
Resolving dcdn.factorio.com (dcdn.factorio.com)... 2a01:7e01::f03c:91ff:fee5:4564, 139.162.147.142
Connecting to dcdn.factorio.com (dcdn.factorio.com)|2a01:7e01::f03c:91ff:fee5:4564|:443... connected.
HTTP request sent, awaiting response... 200 OK
Length: 32864892 (31M) [application/octet-stream]
Saving to: ‘factorio_headless.tar.xz’

factorio_headless.t   0%[                    ]       0  --.-KB/s               factorio_headless.t  63%[===========>        ]  19.80M  99.0MB/s               factorio_headless.t 100%[===================>]  31.34M   103MB/s    in 0.3s    

2019-12-12 17:04:39 (103 MB/s) - ‘factorio_headless.tar.xz’ saved [32864892/32864892]

Decompressing factorio
Removing factorio downloaded files and folders and moving a config file
Copying the template again to be sure of the config
Finished
