renamed '../server/X3/tmp/factorioScenarioDownload/0.18/JoinAndPlayCoop-Scenario-Bunker-0.18/blockworld.lua' -> '../server/X3/scenarios/JoinAndPlayCoop-Scenario/blockworld.lua'
renamed '../server/X3/tmp/factorioScenarioDownload/0.18/JoinAndPlayCoop-Scenario-Bunker-0.18/bps.lua' -> '../server/X3/scenarios/JoinAndPlayCoop-Scenario/bps.lua'
renamed '../server/X3/tmp/factorioScenarioDownload/0.18/JoinAndPlayCoop-Scenario-Bunker-0.18/BunkerSpawns.lua' -> '../server/X3/scenarios/JoinAndPlayCoop-Scenario/BunkerSpawns.lua'
renamed '../server/X3/tmp/factorioScenarioDownload/0.18/JoinAndPlayCoop-Scenario-Bunker-0.18/config.lua' -> '../server/X3/scenarios/JoinAndPlayCoop-Scenario/config.lua'
renamed '../server/X3/tmp/factorioScenarioDownload/0.18/JoinAndPlayCoop-Scenario-Bunker-0.18/control.lua' -> '../server/X3/scenarios/JoinAndPlayCoop-Scenario/control.lua'
renamed '../server/X3/tmp/factorioScenarioDownload/0.18/JoinAndPlayCoop-Scenario-Bunker-0.18/FermatSpiralSpawns.lua' -> '../server/X3/scenarios/JoinAndPlayCoop-Scenario/FermatSpiralSpawns.lua'
renamed '../server/X3/tmp/factorioScenarioDownload/0.18/JoinAndPlayCoop-Scenario-Bunker-0.18/frontier_silo.lua' -> '../server/X3/scenarios/JoinAndPlayCoop-Scenario/frontier_silo.lua'
renamed '../server/X3/tmp/factorioScenarioDownload/0.18/JoinAndPlayCoop-Scenario-Bunker-0.18/info.json' -> '../server/X3/scenarios/JoinAndPlayCoop-Scenario/info.json'
renamed '../server/X3/tmp/factorioScenarioDownload/0.18/JoinAndPlayCoop-Scenario-Bunker-0.18/japc-event-handler.lua' -> '../server/X3/scenarios/JoinAndPlayCoop-Scenario/japc-event-handler.lua'
renamed '../server/X3/tmp/factorioScenarioDownload/0.18/JoinAndPlayCoop-Scenario-Bunker-0.18/jvm-chunkheap.lua' -> '../server/X3/scenarios/JoinAndPlayCoop-Scenario/jvm-chunkheap.lua'
renamed '../server/X3/tmp/factorioScenarioDownload/0.18/JoinAndPlayCoop-Scenario-Bunker-0.18/jvmguy_utils.lua' -> '../server/X3/scenarios/JoinAndPlayCoop-Scenario/jvmguy_utils.lua'
renamed '../server/X3/tmp/factorioScenarioDownload/0.18/JoinAndPlayCoop-Scenario-Bunker-0.18/jvm_reclaim.lua' -> '../server/X3/scenarios/JoinAndPlayCoop-Scenario/jvm_reclaim.lua'
renamed '../server/X3/tmp/factorioScenarioDownload/0.18/JoinAndPlayCoop-Scenario-Bunker-0.18/LICENSE' -> '../server/X3/scenarios/JoinAndPlayCoop-Scenario/LICENSE'
renamed '../server/X3/tmp/factorioScenarioDownload/0.18/JoinAndPlayCoop-Scenario-Bunker-0.18/locale' -> '../server/X3/scenarios/JoinAndPlayCoop-Scenario/locale'
renamed '../server/X3/tmp/factorioScenarioDownload/0.18/JoinAndPlayCoop-Scenario-Bunker-0.18/oarc_utils.lua' -> '../server/X3/scenarios/JoinAndPlayCoop-Scenario/oarc_utils.lua'
renamed '../server/X3/tmp/factorioScenarioDownload/0.18/JoinAndPlayCoop-Scenario-Bunker-0.18/README.md' -> '../server/X3/scenarios/JoinAndPlayCoop-Scenario/README.md'
renamed '../server/X3/tmp/factorioScenarioDownload/0.18/JoinAndPlayCoop-Scenario-Bunker-0.18/RiverworldSpawns.lua' -> '../server/X3/scenarios/JoinAndPlayCoop-Scenario/RiverworldSpawns.lua'
renamed '../server/X3/tmp/factorioScenarioDownload/0.18/JoinAndPlayCoop-Scenario-Bunker-0.18/rso_config.lua' -> '../server/X3/scenarios/JoinAndPlayCoop-Scenario/rso_config.lua'
renamed '../server/X3/tmp/factorioScenarioDownload/0.18/JoinAndPlayCoop-Scenario-Bunker-0.18/rso_control.lua' -> '../server/X3/scenarios/JoinAndPlayCoop-Scenario/rso_control.lua'
renamed '../server/X3/tmp/factorioScenarioDownload/0.18/JoinAndPlayCoop-Scenario-Bunker-0.18/rso_resource_config.lua' -> '../server/X3/scenarios/JoinAndPlayCoop-Scenario/rso_resource_config.lua'
renamed '../server/X3/tmp/factorioScenarioDownload/0.18/JoinAndPlayCoop-Scenario-Bunker-0.18/separate_spawns_guis.lua' -> '../server/X3/scenarios/JoinAndPlayCoop-Scenario/separate_spawns_guis.lua'
renamed '../server/X3/tmp/factorioScenarioDownload/0.18/JoinAndPlayCoop-Scenario-Bunker-0.18/separate_spawns.lua' -> '../server/X3/scenarios/JoinAndPlayCoop-Scenario/separate_spawns.lua'
renamed '../server/X3/tmp/factorioScenarioDownload/0.18/JoinAndPlayCoop-Scenario-Bunker-0.18/shared_spawns.lua' -> '../server/X3/scenarios/JoinAndPlayCoop-Scenario/shared_spawns.lua'
renamed '../server/X3/tmp/factorioScenarioDownload/0.18/JoinAndPlayCoop-Scenario-Bunker-0.18/ToxicJungle.lua' -> '../server/X3/scenarios/JoinAndPlayCoop-Scenario/ToxicJungle.lua'
Scenario copied
Removed temp files
Finished
