grep: ../server/ServerManager/.env: No such file or directory
grep: ../server/factorio-current.log: No such file or directory
grep: ../server/ServerManager/.env: No such file or directory
The grep errors where checks
Copying the template files
mkdir: cannot create directory ‘saves/X1’: File exists
ln: failed to create symbolic link 'saves/X1/LastestSaves': File exists
ln: failed to create symbolic link 'saves/X1/OldSaves': File exists
ln: failed to create symbolic link 'saves/X1/ResetSaves': File exists
Downloading factorio
--2019-12-12 17:15:36--  https://www.factorio.com/get-download/latest/headless/linux64
Resolving www.factorio.com (www.factorio.com)... 52.86.175.38, 34.237.57.234, 52.203.255.14, ...
Connecting to www.factorio.com (www.factorio.com)|52.86.175.38|:443... connected.
HTTP request sent, awaiting response... 302 FOUND
Location: https://dcdn.factorio.com/releases/factorio_headless_x64_0.17.79.tar.xz?key=CHQ7RgpmUmv1Tdti56ermA&expires=1576167937 [following]
--2019-12-12 17:15:38--  https://dcdn.factorio.com/releases/factorio_headless_x64_0.17.79.tar.xz?key=CHQ7RgpmUmv1Tdti56ermA&expires=1576167937
Resolving dcdn.factorio.com (dcdn.factorio.com)... 2a01:7e01::f03c:91ff:fee5:4564, 139.162.147.142
Connecting to dcdn.factorio.com (dcdn.factorio.com)|2a01:7e01::f03c:91ff:fee5:4564|:443... connected.
HTTP request sent, awaiting response... 200 OK
Length: 32864892 (31M) [application/octet-stream]
Saving to: ‘factorio_headless.tar.xz’

factorio_headless.t   0%[                    ]       0  --.-KB/s               factorio_headless.t  63%[===========>        ]  19.99M  99.9MB/s               factorio_headless.t 100%[===================>]  31.34M   104MB/s    in 0.3s    

2019-12-12 17:15:38 (104 MB/s) - ‘factorio_headless.tar.xz’ saved [32864892/32864892]

Decompressing factorio
Removing factorio downloaded files and folders and moving a config file
Copying the template again to be sure of the config
Finished
