changeConfigFile.php
changeSchdulerConfig.php
composer.json
composer.lock
createServerDialog.php
createServer.php
discordLogin.php
factorio-task.sh
getLog.php
getRunLog.php
jobby.php
launchAdminLoading.php
launchLastestLogDownload.php
launchLoadingReset.php
launchLoadingServer.php
launchOldLogDownload.php
launchReset.php
launchScenarioUpdate.php
launchServer.php
log
logout.php
logs
mcrcon
phpinfo.php
playerManager
removeServer.php
rollBack.php
runfactorio-task.sh
run.log
schedulerConfig.php
sendCommand.php
tmp
vendor
changeConfigFile.php
changeSchdulerConfig.php
composer.json
composer.lock
createServerDialog.php
createServer.php
discordLogin.php
factorio-task.sh
getLog.php
getRunLog.php
jobby.php
launchAdminLoading.php
launchLastestLogDownload.php
launchLoadingReset.php
launchLoadingServer.php
launchOldLogDownload.php
launchReset.php
launchScenarioUpdate.php
launchServer.php
log
logout.php
logs
mcrcon
phpinfo.php
playerManager
removeServer.php
rollBack.php
runfactorio-task.sh
run.log
schedulerConfig.php
sendCommand.php
tmp
vendor
changeConfigFile.php
changeSchdulerConfig.php
composer.json
composer.lock
createServerDialog.php
createServer.php
discordLogin.php
factorio-task.sh
getLog.php
getRunLog.php
jobby.php
launchAdminLoading.php
launchLastestLogDownload.php
launchLoadingReset.php
launchLoadingServer.php
launchOldLogDownload.php
launchReset.php
launchScenarioUpdate.php
launchServer.php
log
logout.php
logs
mcrcon
phpinfo.php
playerManager
removeServer.php
rollBack.php
runfactorio-task.sh
run.log
schedulerConfig.php
sendCommand.php
tmp
vendor
changeConfigFile.php
changeSchdulerConfig.php
composer.json
composer.lock
createServerDialog.php
createServer.php
discordLogin.php
factorio-task.sh
getLog.php
getRunLog.php
jobby.php
launchAdminLoading.php
launchLastestLogDownload.php
launchLoadingReset.php
launchLoadingServer.php
launchOldLogDownload.php
launchReset.php
launchScenarioUpdate.php
launchServer.php
log
logout.php
logs
mcrcon
phpinfo.php
playerManager
removeServer.php
rollBack.php
runfactorio-task.sh
run.log
schedulerConfig.php
sendCommand.php
tmp
vendor
changeConfigFile.php
changeSchdulerConfig.php
composer.json
composer.lock
createServerDialog.php
createServer.php
discordLogin.php
factorio-task.sh
getLog.php
getRunLog.php
jobby.php
launchAdminLoading.php
launchLastestLogDownload.php
launchLoadingReset.php
launchLoadingServer.php
launchOldLogDownload.php
launchReset.php
launchScenarioUpdate.php
launchServer.php
log
logout.php
logs
mcrcon
phpinfo.php
playerManager
removeServer.php
rollBack.php
runfactorio-task.sh
run.log
schedulerConfig.php
sendCommand.php
tmp
vendor
